<?xml version="1.0" encoding="UTF-8"?>
<!-- Generated by org.testng.reporters.JUnitReportReporter -->
<testsuite hostname="LAPTOP-CQL946G0" failures="0" tests="1" name="demoPkg.TestClass" time="4.050" errors="0" timestamp="2024-04-04T10:44:54 IST" skipped="0">
  <testcase classname="demoPkg.TestClass" name="operation" time="4.050"/>
</testsuite> <!-- demoPkg.TestClass -->
